

Started GET "/" for 127.0.0.1 at 2016-09-09 09:57:11 +0700
Processing by Rails::WelcomeController#index as HTML
  Rendered /var/lib/gems/2.3.0/gems/railties-4.0.0/lib/rails/templates/rails/welcome/index.html.erb (4.4ms)
Completed 200 OK in 110ms (Views: 85.3ms | ActiveRecord: 0.0ms)


Started GET "/" for 127.0.0.1 at 2016-09-09 10:01:48 +0700
Processing by Rails::WelcomeController#index as HTML
  Rendered /var/lib/gems/2.3.0/gems/railties-4.0.0/lib/rails/templates/rails/welcome/index.html.erb (4.3ms)
Completed 200 OK in 55ms (Views: 40.7ms | ActiveRecord: 0.0ms)


Started GET "/" for 127.0.0.1 at 2016-09-09 10:05:28 +0700
Processing by ApplicationController#hello as HTML
  Rendered text template (0.0ms)
Completed 200 OK in 59ms (Views: 45.7ms | ActiveRecord: 0.0ms)
  [1m[36m (81.5ms)[0m  [1mCREATE TABLE "schema_migrations" ("version" varchar(255) NOT NULL) [0m
  [1m[35m (87.1ms)[0m  CREATE UNIQUE INDEX "unique_schema_migrations" ON "schema_migrations" ("version")
  [1m[36mActiveRecord::SchemaMigration Load (0.2ms)[0m  [1mSELECT "schema_migrations".* FROM "schema_migrations"[0m
Migrating to CreateUsers (20160909033214)
  [1m[35m (0.1ms)[0m  begin transaction
  [1m[36m (0.7ms)[0m  [1mCREATE TABLE "users" ("id" INTEGER PRIMARY KEY AUTOINCREMENT NOT NULL, "name" varchar(255), "email" varchar(255), "created_at" datetime, "updated_at" datetime) [0m
  [1m[35mSQL (0.3ms)[0m  INSERT INTO "schema_migrations" ("version") VALUES (?)  [["version", "20160909033214"]]
  [1m[36m (83.0ms)[0m  [1mcommit transaction[0m
  [1m[35mActiveRecord::SchemaMigration Load (0.1ms)[0m  SELECT "schema_migrations".* FROM "schema_migrations"


Started GET "/microposts" for 127.0.0.1 at 2016-09-09 11:34:25 +0700
  [1m[36mActiveRecord::SchemaMigration Load (0.3ms)[0m  [1mSELECT "schema_migrations".* FROM "schema_migrations"[0m

ActionController::RoutingError (uninitialized constant MicropostsController):
  activesupport (4.0.0) lib/active_support/inflector/methods.rb:226:in `const_get'
  activesupport (4.0.0) lib/active_support/inflector/methods.rb:226:in `block in constantize'
  activesupport (4.0.0) lib/active_support/inflector/methods.rb:224:in `each'
  activesupport (4.0.0) lib/active_support/inflector/methods.rb:224:in `inject'
  activesupport (4.0.0) lib/active_support/inflector/methods.rb:224:in `constantize'
  actionpack (4.0.0) lib/action_dispatch/routing/route_set.rb:76:in `controller_reference'
  actionpack (4.0.0) lib/action_dispatch/routing/route_set.rb:66:in `controller'
  actionpack (4.0.0) lib/action_dispatch/routing/route_set.rb:44:in `call'
  actionpack (4.0.0) lib/action_dispatch/journey/router.rb:71:in `block in call'
  actionpack (4.0.0) lib/action_dispatch/journey/router.rb:59:in `each'
  actionpack (4.0.0) lib/action_dispatch/journey/router.rb:59:in `call'
  actionpack (4.0.0) lib/action_dispatch/routing/route_set.rb:655:in `call'
  rack (1.5.5) lib/rack/etag.rb:23:in `call'
  rack (1.5.5) lib/rack/conditionalget.rb:25:in `call'
  rack (1.5.5) lib/rack/head.rb:11:in `call'
  actionpack (4.0.0) lib/action_dispatch/middleware/params_parser.rb:27:in `call'
  actionpack (4.0.0) lib/action_dispatch/middleware/flash.rb:241:in `call'
  rack (1.5.5) lib/rack/session/abstract/id.rb:225:in `context'
  rack (1.5.5) lib/rack/session/abstract/id.rb:220:in `call'
  actionpack (4.0.0) lib/action_dispatch/middleware/cookies.rb:486:in `call'
  activerecord (4.0.0) lib/active_record/query_cache.rb:36:in `call'
  activerecord (4.0.0) lib/active_record/connection_adapters/abstract/connection_pool.rb:626:in `call'
  activerecord (4.0.0) lib/active_record/migration.rb:369:in `call'
  actionpack (4.0.0) lib/action_dispatch/middleware/callbacks.rb:29:in `block in call'
  activesupport (4.0.0) lib/active_support/callbacks.rb:373:in `_run__97985139889983919__call__callbacks'
  activesupport (4.0.0) lib/active_support/callbacks.rb:80:in `run_callbacks'
  actionpack (4.0.0) lib/action_dispatch/middleware/callbacks.rb:27:in `call'
  actionpack (4.0.0) lib/action_dispatch/middleware/reloader.rb:64:in `call'
  actionpack (4.0.0) lib/action_dispatch/middleware/remote_ip.rb:76:in `call'
  actionpack (4.0.0) lib/action_dispatch/middleware/debug_exceptions.rb:17:in `call'
  actionpack (4.0.0) lib/action_dispatch/middleware/show_exceptions.rb:30:in `call'
  railties (4.0.0) lib/rails/rack/logger.rb:38:in `call_app'
  railties (4.0.0) lib/rails/rack/logger.rb:21:in `block in call'
  activesupport (4.0.0) lib/active_support/tagged_logging.rb:67:in `block in tagged'
  activesupport (4.0.0) lib/active_support/tagged_logging.rb:25:in `tagged'
  activesupport (4.0.0) lib/active_support/tagged_logging.rb:67:in `tagged'
  railties (4.0.0) lib/rails/rack/logger.rb:21:in `call'
  actionpack (4.0.0) lib/action_dispatch/middleware/request_id.rb:21:in `call'
  rack (1.5.5) lib/rack/methodoverride.rb:21:in `call'
  rack (1.5.5) lib/rack/runtime.rb:17:in `call'
  activesupport (4.0.0) lib/active_support/cache/strategy/local_cache.rb:83:in `call'
  rack (1.5.5) lib/rack/lock.rb:17:in `call'
  actionpack (4.0.0) lib/action_dispatch/middleware/static.rb:64:in `call'
  railties (4.0.0) lib/rails/engine.rb:511:in `call'
  railties (4.0.0) lib/rails/application.rb:97:in `call'
  rack (1.5.5) lib/rack/lock.rb:17:in `call'
  rack (1.5.5) lib/rack/content_length.rb:14:in `call'
  rack (1.5.5) lib/rack/handler/webrick.rb:60:in `service'
  /usr/lib/ruby/2.3.0/webrick/httpserver.rb:140:in `service'
  /usr/lib/ruby/2.3.0/webrick/httpserver.rb:96:in `run'
  /usr/lib/ruby/2.3.0/webrick/server.rb:296:in `block in start_thread'


  Rendered /var/lib/gems/2.3.0/gems/actionpack-4.0.0/lib/action_dispatch/middleware/templates/rescues/_trace.erb (1.8ms)
  Rendered /var/lib/gems/2.3.0/gems/actionpack-4.0.0/lib/action_dispatch/middleware/templates/routes/_route.html.erb (3.6ms)
  Rendered /var/lib/gems/2.3.0/gems/actionpack-4.0.0/lib/action_dispatch/middleware/templates/routes/_table.html.erb (14.6ms)
  Rendered /var/lib/gems/2.3.0/gems/actionpack-4.0.0/lib/action_dispatch/middleware/templates/rescues/routing_error.erb within rescues/layout (58.7ms)


Started GET "/microposts" for 127.0.0.1 at 2016-09-09 11:34:37 +0700

ActionController::RoutingError (uninitialized constant MicropostsController):
  activesupport (4.0.0) lib/active_support/inflector/methods.rb:226:in `const_get'
  activesupport (4.0.0) lib/active_support/inflector/methods.rb:226:in `block in constantize'
  activesupport (4.0.0) lib/active_support/inflector/methods.rb:224:in `each'
  activesupport (4.0.0) lib/active_support/inflector/methods.rb:224:in `inject'
  activesupport (4.0.0) lib/active_support/inflector/methods.rb:224:in `constantize'
  actionpack (4.0.0) lib/action_dispatch/routing/route_set.rb:76:in `controller_reference'
  actionpack (4.0.0) lib/action_dispatch/routing/route_set.rb:66:in `controller'
  actionpack (4.0.0) lib/action_dispatch/routing/route_set.rb:44:in `call'
  actionpack (4.0.0) lib/action_dispatch/journey/router.rb:71:in `block in call'
  actionpack (4.0.0) lib/action_dispatch/journey/router.rb:59:in `each'
  actionpack (4.0.0) lib/action_dispatch/journey/router.rb:59:in `call'
  actionpack (4.0.0) lib/action_dispatch/routing/route_set.rb:655:in `call'
  rack (1.5.5) lib/rack/etag.rb:23:in `call'
  rack (1.5.5) lib/rack/conditionalget.rb:25:in `call'
  rack (1.5.5) lib/rack/head.rb:11:in `call'
  actionpack (4.0.0) lib/action_dispatch/middleware/params_parser.rb:27:in `call'
  actionpack (4.0.0) lib/action_dispatch/middleware/flash.rb:241:in `call'
  rack (1.5.5) lib/rack/session/abstract/id.rb:225:in `context'
  rack (1.5.5) lib/rack/session/abstract/id.rb:220:in `call'
  actionpack (4.0.0) lib/action_dispatch/middleware/cookies.rb:486:in `call'
  activerecord (4.0.0) lib/active_record/query_cache.rb:36:in `call'
  activerecord (4.0.0) lib/active_record/connection_adapters/abstract/connection_pool.rb:626:in `call'
  activerecord (4.0.0) lib/active_record/migration.rb:369:in `call'
  actionpack (4.0.0) lib/action_dispatch/middleware/callbacks.rb:29:in `block in call'
  activesupport (4.0.0) lib/active_support/callbacks.rb:373:in `_run__97985139889983919__call__callbacks'
  activesupport (4.0.0) lib/active_support/callbacks.rb:80:in `run_callbacks'
  actionpack (4.0.0) lib/action_dispatch/middleware/callbacks.rb:27:in `call'
  actionpack (4.0.0) lib/action_dispatch/middleware/reloader.rb:64:in `call'
  actionpack (4.0.0) lib/action_dispatch/middleware/remote_ip.rb:76:in `call'
  actionpack (4.0.0) lib/action_dispatch/middleware/debug_exceptions.rb:17:in `call'
  actionpack (4.0.0) lib/action_dispatch/middleware/show_exceptions.rb:30:in `call'
  railties (4.0.0) lib/rails/rack/logger.rb:38:in `call_app'
  railties (4.0.0) lib/rails/rack/logger.rb:21:in `block in call'
  activesupport (4.0.0) lib/active_support/tagged_logging.rb:67:in `block in tagged'
  activesupport (4.0.0) lib/active_support/tagged_logging.rb:25:in `tagged'
  activesupport (4.0.0) lib/active_support/tagged_logging.rb:67:in `tagged'
  railties (4.0.0) lib/rails/rack/logger.rb:21:in `call'
  actionpack (4.0.0) lib/action_dispatch/middleware/request_id.rb:21:in `call'
  rack (1.5.5) lib/rack/methodoverride.rb:21:in `call'
  rack (1.5.5) lib/rack/runtime.rb:17:in `call'
  activesupport (4.0.0) lib/active_support/cache/strategy/local_cache.rb:83:in `call'
  rack (1.5.5) lib/rack/lock.rb:17:in `call'
  actionpack (4.0.0) lib/action_dispatch/middleware/static.rb:64:in `call'
  railties (4.0.0) lib/rails/engine.rb:511:in `call'
  railties (4.0.0) lib/rails/application.rb:97:in `call'
  rack (1.5.5) lib/rack/lock.rb:17:in `call'
  rack (1.5.5) lib/rack/content_length.rb:14:in `call'
  rack (1.5.5) lib/rack/handler/webrick.rb:60:in `service'
  /usr/lib/ruby/2.3.0/webrick/httpserver.rb:140:in `service'
  /usr/lib/ruby/2.3.0/webrick/httpserver.rb:96:in `run'
  /usr/lib/ruby/2.3.0/webrick/server.rb:296:in `block in start_thread'


  Rendered /var/lib/gems/2.3.0/gems/actionpack-4.0.0/lib/action_dispatch/middleware/templates/rescues/_trace.erb (1.7ms)
  Rendered /var/lib/gems/2.3.0/gems/actionpack-4.0.0/lib/action_dispatch/middleware/templates/routes/_route.html.erb (4.2ms)
  Rendered /var/lib/gems/2.3.0/gems/actionpack-4.0.0/lib/action_dispatch/middleware/templates/routes/_table.html.erb (1.5ms)
  Rendered /var/lib/gems/2.3.0/gems/actionpack-4.0.0/lib/action_dispatch/middleware/templates/rescues/routing_error.erb within rescues/layout (29.4ms)


Started GET "/microposts" for 127.0.0.1 at 2016-09-09 11:34:38 +0700

ActionController::RoutingError (uninitialized constant MicropostsController):
  activesupport (4.0.0) lib/active_support/inflector/methods.rb:226:in `const_get'
  activesupport (4.0.0) lib/active_support/inflector/methods.rb:226:in `block in constantize'
  activesupport (4.0.0) lib/active_support/inflector/methods.rb:224:in `each'
  activesupport (4.0.0) lib/active_support/inflector/methods.rb:224:in `inject'
  activesupport (4.0.0) lib/active_support/inflector/methods.rb:224:in `constantize'
  actionpack (4.0.0) lib/action_dispatch/routing/route_set.rb:76:in `controller_reference'
  actionpack (4.0.0) lib/action_dispatch/routing/route_set.rb:66:in `controller'
  actionpack (4.0.0) lib/action_dispatch/routing/route_set.rb:44:in `call'
  actionpack (4.0.0) lib/action_dispatch/journey/router.rb:71:in `block in call'
  actionpack (4.0.0) lib/action_dispatch/journey/router.rb:59:in `each'
  actionpack (4.0.0) lib/action_dispatch/journey/router.rb:59:in `call'
  actionpack (4.0.0) lib/action_dispatch/routing/route_set.rb:655:in `call'
  rack (1.5.5) lib/rack/etag.rb:23:in `call'
  rack (1.5.5) lib/rack/conditionalget.rb:25:in `call'
  rack (1.5.5) lib/rack/head.rb:11:in `call'
  actionpack (4.0.0) lib/action_dispatch/middleware/params_parser.rb:27:in `call'
  actionpack (4.0.0) lib/action_dispatch/middleware/flash.rb:241:in `call'
  rack (1.5.5) lib/rack/session/abstract/id.rb:225:in `context'
  rack (1.5.5) lib/rack/session/abstract/id.rb:220:in `call'
  actionpack (4.0.0) lib/action_dispatch/middleware/cookies.rb:486:in `call'
  activerecord (4.0.0) lib/active_record/query_cache.rb:36:in `call'
  activerecord (4.0.0) lib/active_record/connection_adapters/abstract/connection_pool.rb:626:in `call'
  activerecord (4.0.0) lib/active_record/migration.rb:369:in `call'
  actionpack (4.0.0) lib/action_dispatch/middleware/callbacks.rb:29:in `block in call'
  activesupport (4.0.0) lib/active_support/callbacks.rb:373:in `_run__97985139889983919__call__callbacks'
  activesupport (4.0.0) lib/active_support/callbacks.rb:80:in `run_callbacks'
  actionpack (4.0.0) lib/action_dispatch/middleware/callbacks.rb:27:in `call'
  actionpack (4.0.0) lib/action_dispatch/middleware/reloader.rb:64:in `call'
  actionpack (4.0.0) lib/action_dispatch/middleware/remote_ip.rb:76:in `call'
  actionpack (4.0.0) lib/action_dispatch/middleware/debug_exceptions.rb:17:in `call'
  actionpack (4.0.0) lib/action_dispatch/middleware/show_exceptions.rb:30:in `call'
  railties (4.0.0) lib/rails/rack/logger.rb:38:in `call_app'
  railties (4.0.0) lib/rails/rack/logger.rb:21:in `block in call'
  activesupport (4.0.0) lib/active_support/tagged_logging.rb:67:in `block in tagged'
  activesupport (4.0.0) lib/active_support/tagged_logging.rb:25:in `tagged'
  activesupport (4.0.0) lib/active_support/tagged_logging.rb:67:in `tagged'
  railties (4.0.0) lib/rails/rack/logger.rb:21:in `call'
  actionpack (4.0.0) lib/action_dispatch/middleware/request_id.rb:21:in `call'
  rack (1.5.5) lib/rack/methodoverride.rb:21:in `call'
  rack (1.5.5) lib/rack/runtime.rb:17:in `call'
  activesupport (4.0.0) lib/active_support/cache/strategy/local_cache.rb:83:in `call'
  rack (1.5.5) lib/rack/lock.rb:17:in `call'
  actionpack (4.0.0) lib/action_dispatch/middleware/static.rb:64:in `call'
  railties (4.0.0) lib/rails/engine.rb:511:in `call'
  railties (4.0.0) lib/rails/application.rb:97:in `call'
  rack (1.5.5) lib/rack/lock.rb:17:in `call'
  rack (1.5.5) lib/rack/content_length.rb:14:in `call'
  rack (1.5.5) lib/rack/handler/webrick.rb:60:in `service'
  /usr/lib/ruby/2.3.0/webrick/httpserver.rb:140:in `service'
  /usr/lib/ruby/2.3.0/webrick/httpserver.rb:96:in `run'
  /usr/lib/ruby/2.3.0/webrick/server.rb:296:in `block in start_thread'


  Rendered /var/lib/gems/2.3.0/gems/actionpack-4.0.0/lib/action_dispatch/middleware/templates/rescues/_trace.erb (1.8ms)
  Rendered /var/lib/gems/2.3.0/gems/actionpack-4.0.0/lib/action_dispatch/middleware/templates/routes/_route.html.erb (2.4ms)
  Rendered /var/lib/gems/2.3.0/gems/actionpack-4.0.0/lib/action_dispatch/middleware/templates/routes/_table.html.erb (2.4ms)
  Rendered /var/lib/gems/2.3.0/gems/actionpack-4.0.0/lib/action_dispatch/middleware/templates/rescues/routing_error.erb within rescues/layout (25.6ms)


Started GET "/microposts" for 127.0.0.1 at 2016-09-09 11:34:38 +0700

ActionController::RoutingError (uninitialized constant MicropostsController):
  activesupport (4.0.0) lib/active_support/inflector/methods.rb:226:in `const_get'
  activesupport (4.0.0) lib/active_support/inflector/methods.rb:226:in `block in constantize'
  activesupport (4.0.0) lib/active_support/inflector/methods.rb:224:in `each'
  activesupport (4.0.0) lib/active_support/inflector/methods.rb:224:in `inject'
  activesupport (4.0.0) lib/active_support/inflector/methods.rb:224:in `constantize'
  actionpack (4.0.0) lib/action_dispatch/routing/route_set.rb:76:in `controller_reference'
  actionpack (4.0.0) lib/action_dispatch/routing/route_set.rb:66:in `controller'
  actionpack (4.0.0) lib/action_dispatch/routing/route_set.rb:44:in `call'
  actionpack (4.0.0) lib/action_dispatch/journey/router.rb:71:in `block in call'
  actionpack (4.0.0) lib/action_dispatch/journey/router.rb:59:in `each'
  actionpack (4.0.0) lib/action_dispatch/journey/router.rb:59:in `call'
  actionpack (4.0.0) lib/action_dispatch/routing/route_set.rb:655:in `call'
  rack (1.5.5) lib/rack/etag.rb:23:in `call'
  rack (1.5.5) lib/rack/conditionalget.rb:25:in `call'
  rack (1.5.5) lib/rack/head.rb:11:in `call'
  actionpack (4.0.0) lib/action_dispatch/middleware/params_parser.rb:27:in `call'
  actionpack (4.0.0) lib/action_dispatch/middleware/flash.rb:241:in `call'
  rack (1.5.5) lib/rack/session/abstract/id.rb:225:in `context'
  rack (1.5.5) lib/rack/session/abstract/id.rb:220:in `call'
  actionpack (4.0.0) lib/action_dispatch/middleware/cookies.rb:486:in `call'
  activerecord (4.0.0) lib/active_record/query_cache.rb:36:in `call'
  activerecord (4.0.0) lib/active_record/connection_adapters/abstract/connection_pool.rb:626:in `call'
  activerecord (4.0.0) lib/active_record/migration.rb:369:in `call'
  actionpack (4.0.0) lib/action_dispatch/middleware/callbacks.rb:29:in `block in call'
  activesupport (4.0.0) lib/active_support/callbacks.rb:373:in `_run__97985139889983919__call__callbacks'
  activesupport (4.0.0) lib/active_support/callbacks.rb:80:in `run_callbacks'
  actionpack (4.0.0) lib/action_dispatch/middleware/callbacks.rb:27:in `call'
  actionpack (4.0.0) lib/action_dispatch/middleware/reloader.rb:64:in `call'
  actionpack (4.0.0) lib/action_dispatch/middleware/remote_ip.rb:76:in `call'
  actionpack (4.0.0) lib/action_dispatch/middleware/debug_exceptions.rb:17:in `call'
  actionpack (4.0.0) lib/action_dispatch/middleware/show_exceptions.rb:30:in `call'
  railties (4.0.0) lib/rails/rack/logger.rb:38:in `call_app'
  railties (4.0.0) lib/rails/rack/logger.rb:21:in `block in call'
  activesupport (4.0.0) lib/active_support/tagged_logging.rb:67:in `block in tagged'
  activesupport (4.0.0) lib/active_support/tagged_logging.rb:25:in `tagged'
  activesupport (4.0.0) lib/active_support/tagged_logging.rb:67:in `tagged'
  railties (4.0.0) lib/rails/rack/logger.rb:21:in `call'
  actionpack (4.0.0) lib/action_dispatch/middleware/request_id.rb:21:in `call'
  rack (1.5.5) lib/rack/methodoverride.rb:21:in `call'
  rack (1.5.5) lib/rack/runtime.rb:17:in `call'
  activesupport (4.0.0) lib/active_support/cache/strategy/local_cache.rb:83:in `call'
  rack (1.5.5) lib/rack/lock.rb:17:in `call'
  actionpack (4.0.0) lib/action_dispatch/middleware/static.rb:64:in `call'
  railties (4.0.0) lib/rails/engine.rb:511:in `call'
  railties (4.0.0) lib/rails/application.rb:97:in `call'
  rack (1.5.5) lib/rack/lock.rb:17:in `call'
  rack (1.5.5) lib/rack/content_length.rb:14:in `call'
  rack (1.5.5) lib/rack/handler/webrick.rb:60:in `service'
  /usr/lib/ruby/2.3.0/webrick/httpserver.rb:140:in `service'
  /usr/lib/ruby/2.3.0/webrick/httpserver.rb:96:in `run'
  /usr/lib/ruby/2.3.0/webrick/server.rb:296:in `block in start_thread'


  Rendered /var/lib/gems/2.3.0/gems/actionpack-4.0.0/lib/action_dispatch/middleware/templates/rescues/_trace.erb (2.1ms)
  Rendered /var/lib/gems/2.3.0/gems/actionpack-4.0.0/lib/action_dispatch/middleware/templates/routes/_route.html.erb (2.4ms)
  Rendered /var/lib/gems/2.3.0/gems/actionpack-4.0.0/lib/action_dispatch/middleware/templates/routes/_table.html.erb (2.4ms)
  Rendered /var/lib/gems/2.3.0/gems/actionpack-4.0.0/lib/action_dispatch/middleware/templates/rescues/routing_error.erb within rescues/layout (23.2ms)


Started GET "/microposts" for 127.0.0.1 at 2016-09-09 11:34:38 +0700

ActionController::RoutingError (uninitialized constant MicropostsController):
  activesupport (4.0.0) lib/active_support/inflector/methods.rb:226:in `const_get'
  activesupport (4.0.0) lib/active_support/inflector/methods.rb:226:in `block in constantize'
  activesupport (4.0.0) lib/active_support/inflector/methods.rb:224:in `each'
  activesupport (4.0.0) lib/active_support/inflector/methods.rb:224:in `inject'
  activesupport (4.0.0) lib/active_support/inflector/methods.rb:224:in `constantize'
  actionpack (4.0.0) lib/action_dispatch/routing/route_set.rb:76:in `controller_reference'
  actionpack (4.0.0) lib/action_dispatch/routing/route_set.rb:66:in `controller'
  actionpack (4.0.0) lib/action_dispatch/routing/route_set.rb:44:in `call'
  actionpack (4.0.0) lib/action_dispatch/journey/router.rb:71:in `block in call'
  actionpack (4.0.0) lib/action_dispatch/journey/router.rb:59:in `each'
  actionpack (4.0.0) lib/action_dispatch/journey/router.rb:59:in `call'
  actionpack (4.0.0) lib/action_dispatch/routing/route_set.rb:655:in `call'
  rack (1.5.5) lib/rack/etag.rb:23:in `call'
  rack (1.5.5) lib/rack/conditionalget.rb:25:in `call'
  rack (1.5.5) lib/rack/head.rb:11:in `call'
  actionpack (4.0.0) lib/action_dispatch/middleware/params_parser.rb:27:in `call'
  actionpack (4.0.0) lib/action_dispatch/middleware/flash.rb:241:in `call'
  rack (1.5.5) lib/rack/session/abstract/id.rb:225:in `context'
  rack (1.5.5) lib/rack/session/abstract/id.rb:220:in `call'
  actionpack (4.0.0) lib/action_dispatch/middleware/cookies.rb:486:in `call'
  activerecord (4.0.0) lib/active_record/query_cache.rb:36:in `call'
  activerecord (4.0.0) lib/active_record/connection_adapters/abstract/connection_pool.rb:626:in `call'
  activerecord (4.0.0) lib/active_record/migration.rb:369:in `call'
  actionpack (4.0.0) lib/action_dispatch/middleware/callbacks.rb:29:in `block in call'
  activesupport (4.0.0) lib/active_support/callbacks.rb:373:in `_run__97985139889983919__call__callbacks'
  activesupport (4.0.0) lib/active_support/callbacks.rb:80:in `run_callbacks'
  actionpack (4.0.0) lib/action_dispatch/middleware/callbacks.rb:27:in `call'
  actionpack (4.0.0) lib/action_dispatch/middleware/reloader.rb:64:in `call'
  actionpack (4.0.0) lib/action_dispatch/middleware/remote_ip.rb:76:in `call'
  actionpack (4.0.0) lib/action_dispatch/middleware/debug_exceptions.rb:17:in `call'
  actionpack (4.0.0) lib/action_dispatch/middleware/show_exceptions.rb:30:in `call'
  railties (4.0.0) lib/rails/rack/logger.rb:38:in `call_app'
  railties (4.0.0) lib/rails/rack/logger.rb:21:in `block in call'
  activesupport (4.0.0) lib/active_support/tagged_logging.rb:67:in `block in tagged'
  activesupport (4.0.0) lib/active_support/tagged_logging.rb:25:in `tagged'
  activesupport (4.0.0) lib/active_support/tagged_logging.rb:67:in `tagged'
  railties (4.0.0) lib/rails/rack/logger.rb:21:in `call'
  actionpack (4.0.0) lib/action_dispatch/middleware/request_id.rb:21:in `call'
  rack (1.5.5) lib/rack/methodoverride.rb:21:in `call'
  rack (1.5.5) lib/rack/runtime.rb:17:in `call'
  activesupport (4.0.0) lib/active_support/cache/strategy/local_cache.rb:83:in `call'
  rack (1.5.5) lib/rack/lock.rb:17:in `call'
  actionpack (4.0.0) lib/action_dispatch/middleware/static.rb:64:in `call'
  railties (4.0.0) lib/rails/engine.rb:511:in `call'
  railties (4.0.0) lib/rails/application.rb:97:in `call'
  rack (1.5.5) lib/rack/lock.rb:17:in `call'
  rack (1.5.5) lib/rack/content_length.rb:14:in `call'
  rack (1.5.5) lib/rack/handler/webrick.rb:60:in `service'
  /usr/lib/ruby/2.3.0/webrick/httpserver.rb:140:in `service'
  /usr/lib/ruby/2.3.0/webrick/httpserver.rb:96:in `run'
  /usr/lib/ruby/2.3.0/webrick/server.rb:296:in `block in start_thread'


  Rendered /var/lib/gems/2.3.0/gems/actionpack-4.0.0/lib/action_dispatch/middleware/templates/rescues/_trace.erb (1.5ms)
  Rendered /var/lib/gems/2.3.0/gems/actionpack-4.0.0/lib/action_dispatch/middleware/templates/routes/_route.html.erb (3.0ms)
  Rendered /var/lib/gems/2.3.0/gems/actionpack-4.0.0/lib/action_dispatch/middleware/templates/routes/_table.html.erb (2.0ms)
  Rendered /var/lib/gems/2.3.0/gems/actionpack-4.0.0/lib/action_dispatch/middleware/templates/rescues/routing_error.erb within rescues/layout (23.4ms)


Started GET "/microposts" for 127.0.0.1 at 2016-09-09 11:34:38 +0700

ActionController::RoutingError (uninitialized constant MicropostsController):
  activesupport (4.0.0) lib/active_support/inflector/methods.rb:226:in `const_get'
  activesupport (4.0.0) lib/active_support/inflector/methods.rb:226:in `block in constantize'
  activesupport (4.0.0) lib/active_support/inflector/methods.rb:224:in `each'
  activesupport (4.0.0) lib/active_support/inflector/methods.rb:224:in `inject'
  activesupport (4.0.0) lib/active_support/inflector/methods.rb:224:in `constantize'
  actionpack (4.0.0) lib/action_dispatch/routing/route_set.rb:76:in `controller_reference'
  actionpack (4.0.0) lib/action_dispatch/routing/route_set.rb:66:in `controller'
  actionpack (4.0.0) lib/action_dispatch/routing/route_set.rb:44:in `call'
  actionpack (4.0.0) lib/action_dispatch/journey/router.rb:71:in `block in call'
  actionpack (4.0.0) lib/action_dispatch/journey/router.rb:59:in `each'
  actionpack (4.0.0) lib/action_dispatch/journey/router.rb:59:in `call'
  actionpack (4.0.0) lib/action_dispatch/routing/route_set.rb:655:in `call'
  rack (1.5.5) lib/rack/etag.rb:23:in `call'
  rack (1.5.5) lib/rack/conditionalget.rb:25:in `call'
  rack (1.5.5) lib/rack/head.rb:11:in `call'
  actionpack (4.0.0) lib/action_dispatch/middleware/params_parser.rb:27:in `call'
  actionpack (4.0.0) lib/action_dispatch/middleware/flash.rb:241:in `call'
  rack (1.5.5) lib/rack/session/abstract/id.rb:225:in `context'
  rack (1.5.5) lib/rack/session/abstract/id.rb:220:in `call'
  actionpack (4.0.0) lib/action_dispatch/middleware/cookies.rb:486:in `call'
  activerecord (4.0.0) lib/active_record/query_cache.rb:36:in `call'
  activerecord (4.0.0) lib/active_record/connection_adapters/abstract/connection_pool.rb:626:in `call'
  activerecord (4.0.0) lib/active_record/migration.rb:369:in `call'
  actionpack (4.0.0) lib/action_dispatch/middleware/callbacks.rb:29:in `block in call'
  activesupport (4.0.0) lib/active_support/callbacks.rb:373:in `_run__97985139889983919__call__callbacks'
  activesupport (4.0.0) lib/active_support/callbacks.rb:80:in `run_callbacks'
  actionpack (4.0.0) lib/action_dispatch/middleware/callbacks.rb:27:in `call'
  actionpack (4.0.0) lib/action_dispatch/middleware/reloader.rb:64:in `call'
  actionpack (4.0.0) lib/action_dispatch/middleware/remote_ip.rb:76:in `call'
  actionpack (4.0.0) lib/action_dispatch/middleware/debug_exceptions.rb:17:in `call'
  actionpack (4.0.0) lib/action_dispatch/middleware/show_exceptions.rb:30:in `call'
  railties (4.0.0) lib/rails/rack/logger.rb:38:in `call_app'
  railties (4.0.0) lib/rails/rack/logger.rb:21:in `block in call'
  activesupport (4.0.0) lib/active_support/tagged_logging.rb:67:in `block in tagged'
  activesupport (4.0.0) lib/active_support/tagged_logging.rb:25:in `tagged'
  activesupport (4.0.0) lib/active_support/tagged_logging.rb:67:in `tagged'
  railties (4.0.0) lib/rails/rack/logger.rb:21:in `call'
  actionpack (4.0.0) lib/action_dispatch/middleware/request_id.rb:21:in `call'
  rack (1.5.5) lib/rack/methodoverride.rb:21:in `call'
  rack (1.5.5) lib/rack/runtime.rb:17:in `call'
  activesupport (4.0.0) lib/active_support/cache/strategy/local_cache.rb:83:in `call'
  rack (1.5.5) lib/rack/lock.rb:17:in `call'
  actionpack (4.0.0) lib/action_dispatch/middleware/static.rb:64:in `call'
  railties (4.0.0) lib/rails/engine.rb:511:in `call'
  railties (4.0.0) lib/rails/application.rb:97:in `call'
  rack (1.5.5) lib/rack/lock.rb:17:in `call'
  rack (1.5.5) lib/rack/content_length.rb:14:in `call'
  rack (1.5.5) lib/rack/handler/webrick.rb:60:in `service'
  /usr/lib/ruby/2.3.0/webrick/httpserver.rb:140:in `service'
  /usr/lib/ruby/2.3.0/webrick/httpserver.rb:96:in `run'
  /usr/lib/ruby/2.3.0/webrick/server.rb:296:in `block in start_thread'


  Rendered /var/lib/gems/2.3.0/gems/actionpack-4.0.0/lib/action_dispatch/middleware/templates/rescues/_trace.erb (1.7ms)
  Rendered /var/lib/gems/2.3.0/gems/actionpack-4.0.0/lib/action_dispatch/middleware/templates/routes/_route.html.erb (2.6ms)
  Rendered /var/lib/gems/2.3.0/gems/actionpack-4.0.0/lib/action_dispatch/middleware/templates/routes/_table.html.erb (1.2ms)
  Rendered /var/lib/gems/2.3.0/gems/actionpack-4.0.0/lib/action_dispatch/middleware/templates/rescues/routing_error.erb within rescues/layout (21.4ms)


Started GET "/microposts" for 127.0.0.1 at 2016-09-09 11:34:48 +0700

ActionController::RoutingError (uninitialized constant MicropostsController):
  activesupport (4.0.0) lib/active_support/inflector/methods.rb:226:in `const_get'
  activesupport (4.0.0) lib/active_support/inflector/methods.rb:226:in `block in constantize'
  activesupport (4.0.0) lib/active_support/inflector/methods.rb:224:in `each'
  activesupport (4.0.0) lib/active_support/inflector/methods.rb:224:in `inject'
  activesupport (4.0.0) lib/active_support/inflector/methods.rb:224:in `constantize'
  actionpack (4.0.0) lib/action_dispatch/routing/route_set.rb:76:in `controller_reference'
  actionpack (4.0.0) lib/action_dispatch/routing/route_set.rb:66:in `controller'
  actionpack (4.0.0) lib/action_dispatch/routing/route_set.rb:44:in `call'
  actionpack (4.0.0) lib/action_dispatch/journey/router.rb:71:in `block in call'
  actionpack (4.0.0) lib/action_dispatch/journey/router.rb:59:in `each'
  actionpack (4.0.0) lib/action_dispatch/journey/router.rb:59:in `call'
  actionpack (4.0.0) lib/action_dispatch/routing/route_set.rb:655:in `call'
  rack (1.5.5) lib/rack/etag.rb:23:in `call'
  rack (1.5.5) lib/rack/conditionalget.rb:25:in `call'
  rack (1.5.5) lib/rack/head.rb:11:in `call'
  actionpack (4.0.0) lib/action_dispatch/middleware/params_parser.rb:27:in `call'
  actionpack (4.0.0) lib/action_dispatch/middleware/flash.rb:241:in `call'
  rack (1.5.5) lib/rack/session/abstract/id.rb:225:in `context'
  rack (1.5.5) lib/rack/session/abstract/id.rb:220:in `call'
  actionpack (4.0.0) lib/action_dispatch/middleware/cookies.rb:486:in `call'
  activerecord (4.0.0) lib/active_record/query_cache.rb:36:in `call'
  activerecord (4.0.0) lib/active_record/connection_adapters/abstract/connection_pool.rb:626:in `call'
  activerecord (4.0.0) lib/active_record/migration.rb:369:in `call'
  actionpack (4.0.0) lib/action_dispatch/middleware/callbacks.rb:29:in `block in call'
  activesupport (4.0.0) lib/active_support/callbacks.rb:373:in `_run__97985139889983919__call__callbacks'
  activesupport (4.0.0) lib/active_support/callbacks.rb:80:in `run_callbacks'
  actionpack (4.0.0) lib/action_dispatch/middleware/callbacks.rb:27:in `call'
  actionpack (4.0.0) lib/action_dispatch/middleware/reloader.rb:64:in `call'
  actionpack (4.0.0) lib/action_dispatch/middleware/remote_ip.rb:76:in `call'
  actionpack (4.0.0) lib/action_dispatch/middleware/debug_exceptions.rb:17:in `call'
  actionpack (4.0.0) lib/action_dispatch/middleware/show_exceptions.rb:30:in `call'
  railties (4.0.0) lib/rails/rack/logger.rb:38:in `call_app'
  railties (4.0.0) lib/rails/rack/logger.rb:21:in `block in call'
  activesupport (4.0.0) lib/active_support/tagged_logging.rb:67:in `block in tagged'
  activesupport (4.0.0) lib/active_support/tagged_logging.rb:25:in `tagged'
  activesupport (4.0.0) lib/active_support/tagged_logging.rb:67:in `tagged'
  railties (4.0.0) lib/rails/rack/logger.rb:21:in `call'
  actionpack (4.0.0) lib/action_dispatch/middleware/request_id.rb:21:in `call'
  rack (1.5.5) lib/rack/methodoverride.rb:21:in `call'
  rack (1.5.5) lib/rack/runtime.rb:17:in `call'
  activesupport (4.0.0) lib/active_support/cache/strategy/local_cache.rb:83:in `call'
  rack (1.5.5) lib/rack/lock.rb:17:in `call'
  actionpack (4.0.0) lib/action_dispatch/middleware/static.rb:64:in `call'
  railties (4.0.0) lib/rails/engine.rb:511:in `call'
  railties (4.0.0) lib/rails/application.rb:97:in `call'
  rack (1.5.5) lib/rack/lock.rb:17:in `call'
  rack (1.5.5) lib/rack/content_length.rb:14:in `call'
  rack (1.5.5) lib/rack/handler/webrick.rb:60:in `service'
  /usr/lib/ruby/2.3.0/webrick/httpserver.rb:140:in `service'
  /usr/lib/ruby/2.3.0/webrick/httpserver.rb:96:in `run'
  /usr/lib/ruby/2.3.0/webrick/server.rb:296:in `block in start_thread'


  Rendered /var/lib/gems/2.3.0/gems/actionpack-4.0.0/lib/action_dispatch/middleware/templates/rescues/_trace.erb (1.7ms)
  Rendered /var/lib/gems/2.3.0/gems/actionpack-4.0.0/lib/action_dispatch/middleware/templates/routes/_route.html.erb (3.9ms)
  Rendered /var/lib/gems/2.3.0/gems/actionpack-4.0.0/lib/action_dispatch/middleware/templates/routes/_table.html.erb (1.7ms)
  Rendered /var/lib/gems/2.3.0/gems/actionpack-4.0.0/lib/action_dispatch/middleware/templates/rescues/routing_error.erb within rescues/layout (23.9ms)


Started GET "/microposts" for 127.0.0.1 at 2016-09-09 11:34:49 +0700

ActionController::RoutingError (uninitialized constant MicropostsController):
  activesupport (4.0.0) lib/active_support/inflector/methods.rb:226:in `const_get'
  activesupport (4.0.0) lib/active_support/inflector/methods.rb:226:in `block in constantize'
  activesupport (4.0.0) lib/active_support/inflector/methods.rb:224:in `each'
  activesupport (4.0.0) lib/active_support/inflector/methods.rb:224:in `inject'
  activesupport (4.0.0) lib/active_support/inflector/methods.rb:224:in `constantize'
  actionpack (4.0.0) lib/action_dispatch/routing/route_set.rb:76:in `controller_reference'
  actionpack (4.0.0) lib/action_dispatch/routing/route_set.rb:66:in `controller'
  actionpack (4.0.0) lib/action_dispatch/routing/route_set.rb:44:in `call'
  actionpack (4.0.0) lib/action_dispatch/journey/router.rb:71:in `block in call'
  actionpack (4.0.0) lib/action_dispatch/journey/router.rb:59:in `each'
  actionpack (4.0.0) lib/action_dispatch/journey/router.rb:59:in `call'
  actionpack (4.0.0) lib/action_dispatch/routing/route_set.rb:655:in `call'
  rack (1.5.5) lib/rack/etag.rb:23:in `call'
  rack (1.5.5) lib/rack/conditionalget.rb:25:in `call'
  rack (1.5.5) lib/rack/head.rb:11:in `call'
  actionpack (4.0.0) lib/action_dispatch/middleware/params_parser.rb:27:in `call'
  actionpack (4.0.0) lib/action_dispatch/middleware/flash.rb:241:in `call'
  rack (1.5.5) lib/rack/session/abstract/id.rb:225:in `context'
  rack (1.5.5) lib/rack/session/abstract/id.rb:220:in `call'
  actionpack (4.0.0) lib/action_dispatch/middleware/cookies.rb:486:in `call'
  activerecord (4.0.0) lib/active_record/query_cache.rb:36:in `call'
  activerecord (4.0.0) lib/active_record/connection_adapters/abstract/connection_pool.rb:626:in `call'
  activerecord (4.0.0) lib/active_record/migration.rb:369:in `call'
  actionpack (4.0.0) lib/action_dispatch/middleware/callbacks.rb:29:in `block in call'
  activesupport (4.0.0) lib/active_support/callbacks.rb:373:in `_run__97985139889983919__call__callbacks'
  activesupport (4.0.0) lib/active_support/callbacks.rb:80:in `run_callbacks'
  actionpack (4.0.0) lib/action_dispatch/middleware/callbacks.rb:27:in `call'
  actionpack (4.0.0) lib/action_dispatch/middleware/reloader.rb:64:in `call'
  actionpack (4.0.0) lib/action_dispatch/middleware/remote_ip.rb:76:in `call'
  actionpack (4.0.0) lib/action_dispatch/middleware/debug_exceptions.rb:17:in `call'
  actionpack (4.0.0) lib/action_dispatch/middleware/show_exceptions.rb:30:in `call'
  railties (4.0.0) lib/rails/rack/logger.rb:38:in `call_app'
  railties (4.0.0) lib/rails/rack/logger.rb:21:in `block in call'
  activesupport (4.0.0) lib/active_support/tagged_logging.rb:67:in `block in tagged'
  activesupport (4.0.0) lib/active_support/tagged_logging.rb:25:in `tagged'
  activesupport (4.0.0) lib/active_support/tagged_logging.rb:67:in `tagged'
  railties (4.0.0) lib/rails/rack/logger.rb:21:in `call'
  actionpack (4.0.0) lib/action_dispatch/middleware/request_id.rb:21:in `call'
  rack (1.5.5) lib/rack/methodoverride.rb:21:in `call'
  rack (1.5.5) lib/rack/runtime.rb:17:in `call'
  activesupport (4.0.0) lib/active_support/cache/strategy/local_cache.rb:83:in `call'
  rack (1.5.5) lib/rack/lock.rb:17:in `call'
  actionpack (4.0.0) lib/action_dispatch/middleware/static.rb:64:in `call'
  railties (4.0.0) lib/rails/engine.rb:511:in `call'
  railties (4.0.0) lib/rails/application.rb:97:in `call'
  rack (1.5.5) lib/rack/lock.rb:17:in `call'
  rack (1.5.5) lib/rack/content_length.rb:14:in `call'
  rack (1.5.5) lib/rack/handler/webrick.rb:60:in `service'
  /usr/lib/ruby/2.3.0/webrick/httpserver.rb:140:in `service'
  /usr/lib/ruby/2.3.0/webrick/httpserver.rb:96:in `run'
  /usr/lib/ruby/2.3.0/webrick/server.rb:296:in `block in start_thread'


  Rendered /var/lib/gems/2.3.0/gems/actionpack-4.0.0/lib/action_dispatch/middleware/templates/rescues/_trace.erb (2.7ms)
  Rendered /var/lib/gems/2.3.0/gems/actionpack-4.0.0/lib/action_dispatch/middleware/templates/routes/_route.html.erb (2.3ms)
  Rendered /var/lib/gems/2.3.0/gems/actionpack-4.0.0/lib/action_dispatch/middleware/templates/routes/_table.html.erb (2.3ms)
  Rendered /var/lib/gems/2.3.0/gems/actionpack-4.0.0/lib/action_dispatch/middleware/templates/rescues/routing_error.erb within rescues/layout (23.1ms)


Started GET "/microposts" for 127.0.0.1 at 2016-09-09 11:34:49 +0700

ActionController::RoutingError (uninitialized constant MicropostsController):
  activesupport (4.0.0) lib/active_support/inflector/methods.rb:226:in `const_get'
  activesupport (4.0.0) lib/active_support/inflector/methods.rb:226:in `block in constantize'
  activesupport (4.0.0) lib/active_support/inflector/methods.rb:224:in `each'
  activesupport (4.0.0) lib/active_support/inflector/methods.rb:224:in `inject'
  activesupport (4.0.0) lib/active_support/inflector/methods.rb:224:in `constantize'
  actionpack (4.0.0) lib/action_dispatch/routing/route_set.rb:76:in `controller_reference'
  actionpack (4.0.0) lib/action_dispatch/routing/route_set.rb:66:in `controller'
  actionpack (4.0.0) lib/action_dispatch/routing/route_set.rb:44:in `call'
  actionpack (4.0.0) lib/action_dispatch/journey/router.rb:71:in `block in call'
  actionpack (4.0.0) lib/action_dispatch/journey/router.rb:59:in `each'
  actionpack (4.0.0) lib/action_dispatch/journey/router.rb:59:in `call'
  actionpack (4.0.0) lib/action_dispatch/routing/route_set.rb:655:in `call'
  rack (1.5.5) lib/rack/etag.rb:23:in `call'
  rack (1.5.5) lib/rack/conditionalget.rb:25:in `call'
  rack (1.5.5) lib/rack/head.rb:11:in `call'
  actionpack (4.0.0) lib/action_dispatch/middleware/params_parser.rb:27:in `call'
  actionpack (4.0.0) lib/action_dispatch/middleware/flash.rb:241:in `call'
  rack (1.5.5) lib/rack/session/abstract/id.rb:225:in `context'
  rack (1.5.5) lib/rack/session/abstract/id.rb:220:in `call'
  actionpack (4.0.0) lib/action_dispatch/middleware/cookies.rb:486:in `call'
  activerecord (4.0.0) lib/active_record/query_cache.rb:36:in `call'
  activerecord (4.0.0) lib/active_record/connection_adapters/abstract/connection_pool.rb:626:in `call'
  activerecord (4.0.0) lib/active_record/migration.rb:369:in `call'
  actionpack (4.0.0) lib/action_dispatch/middleware/callbacks.rb:29:in `block in call'
  activesupport (4.0.0) lib/active_support/callbacks.rb:373:in `_run__97985139889983919__call__callbacks'
  activesupport (4.0.0) lib/active_support/callbacks.rb:80:in `run_callbacks'
  actionpack (4.0.0) lib/action_dispatch/middleware/callbacks.rb:27:in `call'
  actionpack (4.0.0) lib/action_dispatch/middleware/reloader.rb:64:in `call'
  actionpack (4.0.0) lib/action_dispatch/middleware/remote_ip.rb:76:in `call'
  actionpack (4.0.0) lib/action_dispatch/middleware/debug_exceptions.rb:17:in `call'
  actionpack (4.0.0) lib/action_dispatch/middleware/show_exceptions.rb:30:in `call'
  railties (4.0.0) lib/rails/rack/logger.rb:38:in `call_app'
  railties (4.0.0) lib/rails/rack/logger.rb:21:in `block in call'
  activesupport (4.0.0) lib/active_support/tagged_logging.rb:67:in `block in tagged'
  activesupport (4.0.0) lib/active_support/tagged_logging.rb:25:in `tagged'
  activesupport (4.0.0) lib/active_support/tagged_logging.rb:67:in `tagged'
  railties (4.0.0) lib/rails/rack/logger.rb:21:in `call'
  actionpack (4.0.0) lib/action_dispatch/middleware/request_id.rb:21:in `call'
  rack (1.5.5) lib/rack/methodoverride.rb:21:in `call'
  rack (1.5.5) lib/rack/runtime.rb:17:in `call'
  activesupport (4.0.0) lib/active_support/cache/strategy/local_cache.rb:83:in `call'
  rack (1.5.5) lib/rack/lock.rb:17:in `call'
  actionpack (4.0.0) lib/action_dispatch/middleware/static.rb:64:in `call'
  railties (4.0.0) lib/rails/engine.rb:511:in `call'
  railties (4.0.0) lib/rails/application.rb:97:in `call'
  rack (1.5.5) lib/rack/lock.rb:17:in `call'
  rack (1.5.5) lib/rack/content_length.rb:14:in `call'
  rack (1.5.5) lib/rack/handler/webrick.rb:60:in `service'
  /usr/lib/ruby/2.3.0/webrick/httpserver.rb:140:in `service'
  /usr/lib/ruby/2.3.0/webrick/httpserver.rb:96:in `run'
  /usr/lib/ruby/2.3.0/webrick/server.rb:296:in `block in start_thread'


  Rendered /var/lib/gems/2.3.0/gems/actionpack-4.0.0/lib/action_dispatch/middleware/templates/rescues/_trace.erb (1.4ms)
  Rendered /var/lib/gems/2.3.0/gems/actionpack-4.0.0/lib/action_dispatch/middleware/templates/routes/_route.html.erb (3.6ms)
  Rendered /var/lib/gems/2.3.0/gems/actionpack-4.0.0/lib/action_dispatch/middleware/templates/routes/_table.html.erb (1.5ms)
  Rendered /var/lib/gems/2.3.0/gems/actionpack-4.0.0/lib/action_dispatch/middleware/templates/rescues/routing_error.erb within rescues/layout (22.8ms)


Started GET "/microposts" for 127.0.0.1 at 2016-09-09 11:34:49 +0700

ActionController::RoutingError (uninitialized constant MicropostsController):
  activesupport (4.0.0) lib/active_support/inflector/methods.rb:226:in `const_get'
  activesupport (4.0.0) lib/active_support/inflector/methods.rb:226:in `block in constantize'
  activesupport (4.0.0) lib/active_support/inflector/methods.rb:224:in `each'
  activesupport (4.0.0) lib/active_support/inflector/methods.rb:224:in `inject'
  activesupport (4.0.0) lib/active_support/inflector/methods.rb:224:in `constantize'
  actionpack (4.0.0) lib/action_dispatch/routing/route_set.rb:76:in `controller_reference'
  actionpack (4.0.0) lib/action_dispatch/routing/route_set.rb:66:in `controller'
  actionpack (4.0.0) lib/action_dispatch/routing/route_set.rb:44:in `call'
  actionpack (4.0.0) lib/action_dispatch/journey/router.rb:71:in `block in call'
  actionpack (4.0.0) lib/action_dispatch/journey/router.rb:59:in `each'
  actionpack (4.0.0) lib/action_dispatch/journey/router.rb:59:in `call'
  actionpack (4.0.0) lib/action_dispatch/routing/route_set.rb:655:in `call'
  rack (1.5.5) lib/rack/etag.rb:23:in `call'
  rack (1.5.5) lib/rack/conditionalget.rb:25:in `call'
  rack (1.5.5) lib/rack/head.rb:11:in `call'
  actionpack (4.0.0) lib/action_dispatch/middleware/params_parser.rb:27:in `call'
  actionpack (4.0.0) lib/action_dispatch/middleware/flash.rb:241:in `call'
  rack (1.5.5) lib/rack/session/abstract/id.rb:225:in `context'
  rack (1.5.5) lib/rack/session/abstract/id.rb:220:in `call'
  actionpack (4.0.0) lib/action_dispatch/middleware/cookies.rb:486:in `call'
  activerecord (4.0.0) lib/active_record/query_cache.rb:36:in `call'
  activerecord (4.0.0) lib/active_record/connection_adapters/abstract/connection_pool.rb:626:in `call'
  activerecord (4.0.0) lib/active_record/migration.rb:369:in `call'
  actionpack (4.0.0) lib/action_dispatch/middleware/callbacks.rb:29:in `block in call'
  activesupport (4.0.0) lib/active_support/callbacks.rb:373:in `_run__97985139889983919__call__callbacks'
  activesupport (4.0.0) lib/active_support/callbacks.rb:80:in `run_callbacks'
  actionpack (4.0.0) lib/action_dispatch/middleware/callbacks.rb:27:in `call'
  actionpack (4.0.0) lib/action_dispatch/middleware/reloader.rb:64:in `call'
  actionpack (4.0.0) lib/action_dispatch/middleware/remote_ip.rb:76:in `call'
  actionpack (4.0.0) lib/action_dispatch/middleware/debug_exceptions.rb:17:in `call'
  actionpack (4.0.0) lib/action_dispatch/middleware/show_exceptions.rb:30:in `call'
  railties (4.0.0) lib/rails/rack/logger.rb:38:in `call_app'
  railties (4.0.0) lib/rails/rack/logger.rb:21:in `block in call'
  activesupport (4.0.0) lib/active_support/tagged_logging.rb:67:in `block in tagged'
  activesupport (4.0.0) lib/active_support/tagged_logging.rb:25:in `tagged'
  activesupport (4.0.0) lib/active_support/tagged_logging.rb:67:in `tagged'
  railties (4.0.0) lib/rails/rack/logger.rb:21:in `call'
  actionpack (4.0.0) lib/action_dispatch/middleware/request_id.rb:21:in `call'
  rack (1.5.5) lib/rack/methodoverride.rb:21:in `call'
  rack (1.5.5) lib/rack/runtime.rb:17:in `call'
  activesupport (4.0.0) lib/active_support/cache/strategy/local_cache.rb:83:in `call'
  rack (1.5.5) lib/rack/lock.rb:17:in `call'
  actionpack (4.0.0) lib/action_dispatch/middleware/static.rb:64:in `call'
  railties (4.0.0) lib/rails/engine.rb:511:in `call'
  railties (4.0.0) lib/rails/application.rb:97:in `call'
  rack (1.5.5) lib/rack/lock.rb:17:in `call'
  rack (1.5.5) lib/rack/content_length.rb:14:in `call'
  rack (1.5.5) lib/rack/handler/webrick.rb:60:in `service'
  /usr/lib/ruby/2.3.0/webrick/httpserver.rb:140:in `service'
  /usr/lib/ruby/2.3.0/webrick/httpserver.rb:96:in `run'
  /usr/lib/ruby/2.3.0/webrick/server.rb:296:in `block in start_thread'


  Rendered /var/lib/gems/2.3.0/gems/actionpack-4.0.0/lib/action_dispatch/middleware/templates/rescues/_trace.erb (12.0ms)
  Rendered /var/lib/gems/2.3.0/gems/actionpack-4.0.0/lib/action_dispatch/middleware/templates/routes/_route.html.erb (2.7ms)
  Rendered /var/lib/gems/2.3.0/gems/actionpack-4.0.0/lib/action_dispatch/middleware/templates/routes/_table.html.erb (1.6ms)
  Rendered /var/lib/gems/2.3.0/gems/actionpack-4.0.0/lib/action_dispatch/middleware/templates/rescues/routing_error.erb within rescues/layout (33.2ms)


Started GET "/microposts" for 127.0.0.1 at 2016-09-09 11:34:49 +0700

ActionController::RoutingError (uninitialized constant MicropostsController):
  activesupport (4.0.0) lib/active_support/inflector/methods.rb:226:in `const_get'
  activesupport (4.0.0) lib/active_support/inflector/methods.rb:226:in `block in constantize'
  activesupport (4.0.0) lib/active_support/inflector/methods.rb:224:in `each'
  activesupport (4.0.0) lib/active_support/inflector/methods.rb:224:in `inject'
  activesupport (4.0.0) lib/active_support/inflector/methods.rb:224:in `constantize'
  actionpack (4.0.0) lib/action_dispatch/routing/route_set.rb:76:in `controller_reference'
  actionpack (4.0.0) lib/action_dispatch/routing/route_set.rb:66:in `controller'
  actionpack (4.0.0) lib/action_dispatch/routing/route_set.rb:44:in `call'
  actionpack (4.0.0) lib/action_dispatch/journey/router.rb:71:in `block in call'
  actionpack (4.0.0) lib/action_dispatch/journey/router.rb:59:in `each'
  actionpack (4.0.0) lib/action_dispatch/journey/router.rb:59:in `call'
  actionpack (4.0.0) lib/action_dispatch/routing/route_set.rb:655:in `call'
  rack (1.5.5) lib/rack/etag.rb:23:in `call'
  rack (1.5.5) lib/rack/conditionalget.rb:25:in `call'
  rack (1.5.5) lib/rack/head.rb:11:in `call'
  actionpack (4.0.0) lib/action_dispatch/middleware/params_parser.rb:27:in `call'
  actionpack (4.0.0) lib/action_dispatch/middleware/flash.rb:241:in `call'
  rack (1.5.5) lib/rack/session/abstract/id.rb:225:in `context'
  rack (1.5.5) lib/rack/session/abstract/id.rb:220:in `call'
  actionpack (4.0.0) lib/action_dispatch/middleware/cookies.rb:486:in `call'
  activerecord (4.0.0) lib/active_record/query_cache.rb:36:in `call'
  activerecord (4.0.0) lib/active_record/connection_adapters/abstract/connection_pool.rb:626:in `call'
  activerecord (4.0.0) lib/active_record/migration.rb:369:in `call'
  actionpack (4.0.0) lib/action_dispatch/middleware/callbacks.rb:29:in `block in call'
  activesupport (4.0.0) lib/active_support/callbacks.rb:373:in `_run__97985139889983919__call__callbacks'
  activesupport (4.0.0) lib/active_support/callbacks.rb:80:in `run_callbacks'
  actionpack (4.0.0) lib/action_dispatch/middleware/callbacks.rb:27:in `call'
  actionpack (4.0.0) lib/action_dispatch/middleware/reloader.rb:64:in `call'
  actionpack (4.0.0) lib/action_dispatch/middleware/remote_ip.rb:76:in `call'
  actionpack (4.0.0) lib/action_dispatch/middleware/debug_exceptions.rb:17:in `call'
  actionpack (4.0.0) lib/action_dispatch/middleware/show_exceptions.rb:30:in `call'
  railties (4.0.0) lib/rails/rack/logger.rb:38:in `call_app'
  railties (4.0.0) lib/rails/rack/logger.rb:21:in `block in call'
  activesupport (4.0.0) lib/active_support/tagged_logging.rb:67:in `block in tagged'
  activesupport (4.0.0) lib/active_support/tagged_logging.rb:25:in `tagged'
  activesupport (4.0.0) lib/active_support/tagged_logging.rb:67:in `tagged'
  railties (4.0.0) lib/rails/rack/logger.rb:21:in `call'
  actionpack (4.0.0) lib/action_dispatch/middleware/request_id.rb:21:in `call'
  rack (1.5.5) lib/rack/methodoverride.rb:21:in `call'
  rack (1.5.5) lib/rack/runtime.rb:17:in `call'
  activesupport (4.0.0) lib/active_support/cache/strategy/local_cache.rb:83:in `call'
  rack (1.5.5) lib/rack/lock.rb:17:in `call'
  actionpack (4.0.0) lib/action_dispatch/middleware/static.rb:64:in `call'
  railties (4.0.0) lib/rails/engine.rb:511:in `call'
  railties (4.0.0) lib/rails/application.rb:97:in `call'
  rack (1.5.5) lib/rack/lock.rb:17:in `call'
  rack (1.5.5) lib/rack/content_length.rb:14:in `call'
  rack (1.5.5) lib/rack/handler/webrick.rb:60:in `service'
  /usr/lib/ruby/2.3.0/webrick/httpserver.rb:140:in `service'
  /usr/lib/ruby/2.3.0/webrick/httpserver.rb:96:in `run'
  /usr/lib/ruby/2.3.0/webrick/server.rb:296:in `block in start_thread'


  Rendered /var/lib/gems/2.3.0/gems/actionpack-4.0.0/lib/action_dispatch/middleware/templates/rescues/_trace.erb (2.3ms)
  Rendered /var/lib/gems/2.3.0/gems/actionpack-4.0.0/lib/action_dispatch/middleware/templates/routes/_route.html.erb (3.5ms)
  Rendered /var/lib/gems/2.3.0/gems/actionpack-4.0.0/lib/action_dispatch/middleware/templates/routes/_table.html.erb (1.7ms)
  Rendered /var/lib/gems/2.3.0/gems/actionpack-4.0.0/lib/action_dispatch/middleware/templates/rescues/routing_error.erb within rescues/layout (24.7ms)


Started GET "/microposts" for 127.0.0.1 at 2016-09-09 11:35:34 +0700

ActionController::RoutingError (No route matches [GET] "/microposts"):
  actionpack (4.0.0) lib/action_dispatch/middleware/debug_exceptions.rb:21:in `call'
  actionpack (4.0.0) lib/action_dispatch/middleware/show_exceptions.rb:30:in `call'
  railties (4.0.0) lib/rails/rack/logger.rb:38:in `call_app'
  railties (4.0.0) lib/rails/rack/logger.rb:21:in `block in call'
  activesupport (4.0.0) lib/active_support/tagged_logging.rb:67:in `block in tagged'
  activesupport (4.0.0) lib/active_support/tagged_logging.rb:25:in `tagged'
  activesupport (4.0.0) lib/active_support/tagged_logging.rb:67:in `tagged'
  railties (4.0.0) lib/rails/rack/logger.rb:21:in `call'
  actionpack (4.0.0) lib/action_dispatch/middleware/request_id.rb:21:in `call'
  rack (1.5.5) lib/rack/methodoverride.rb:21:in `call'
  rack (1.5.5) lib/rack/runtime.rb:17:in `call'
  activesupport (4.0.0) lib/active_support/cache/strategy/local_cache.rb:83:in `call'
  rack (1.5.5) lib/rack/lock.rb:17:in `call'
  actionpack (4.0.0) lib/action_dispatch/middleware/static.rb:64:in `call'
  railties (4.0.0) lib/rails/engine.rb:511:in `call'
  railties (4.0.0) lib/rails/application.rb:97:in `call'
  rack (1.5.5) lib/rack/lock.rb:17:in `call'
  rack (1.5.5) lib/rack/content_length.rb:14:in `call'
  rack (1.5.5) lib/rack/handler/webrick.rb:60:in `service'
  /usr/lib/ruby/2.3.0/webrick/httpserver.rb:140:in `service'
  /usr/lib/ruby/2.3.0/webrick/httpserver.rb:96:in `run'
  /usr/lib/ruby/2.3.0/webrick/server.rb:296:in `block in start_thread'


  Rendered /var/lib/gems/2.3.0/gems/actionpack-4.0.0/lib/action_dispatch/middleware/templates/rescues/_trace.erb (1.3ms)
  Rendered /var/lib/gems/2.3.0/gems/actionpack-4.0.0/lib/action_dispatch/middleware/templates/routes/_route.html.erb (2.9ms)
  Rendered /var/lib/gems/2.3.0/gems/actionpack-4.0.0/lib/action_dispatch/middleware/templates/routes/_table.html.erb (1.6ms)
  Rendered /var/lib/gems/2.3.0/gems/actionpack-4.0.0/lib/action_dispatch/middleware/templates/rescues/routing_error.erb within rescues/layout (21.7ms)
  [1m[36mActiveRecord::SchemaMigration Load (0.2ms)[0m  [1mSELECT "schema_migrations".* FROM "schema_migrations"[0m
Migrating to CreateMicroposts (20160909043748)
  [1m[35m (0.1ms)[0m  begin transaction
  [1m[36m (0.8ms)[0m  [1mCREATE TABLE "microposts" ("id" INTEGER PRIMARY KEY AUTOINCREMENT NOT NULL, "content" text, "user_id" integer, "created_at" datetime, "updated_at" datetime) [0m
  [1m[35mSQL (0.4ms)[0m  INSERT INTO "schema_migrations" ("version") VALUES (?)  [["version", "20160909043748"]]
  [1m[36m (123.2ms)[0m  [1mcommit transaction[0m
  [1m[35mActiveRecord::SchemaMigration Load (0.2ms)[0m  SELECT "schema_migrations".* FROM "schema_migrations"


Started GET "/microposts" for 127.0.0.1 at 2016-09-09 11:38:23 +0700
  [1m[36mActiveRecord::SchemaMigration Load (0.1ms)[0m  [1mSELECT "schema_migrations".* FROM "schema_migrations"[0m
Processing by MicropostsController#index as HTML
  [1m[35mMicropost Load (0.2ms)[0m  SELECT "microposts".* FROM "microposts"
  Rendered microposts/index.html.erb within layouts/application (3.8ms)
Completed 200 OK in 2319ms (Views: 2288.4ms | ActiveRecord: 0.2ms)


Started GET "/assets/application.css?body=1" for 127.0.0.1 at 2016-09-09 11:38:26 +0700


Started GET "/assets/jquery.js?body=1" for 127.0.0.1 at 2016-09-09 11:38:26 +0700


Started GET "/assets/scaffolds.css?body=1" for 127.0.0.1 at 2016-09-09 11:38:26 +0700


Started GET "/assets/users.css?body=1" for 127.0.0.1 at 2016-09-09 11:38:26 +0700


Started GET "/assets/users.js?body=1" for 127.0.0.1 at 2016-09-09 11:38:26 +0700


Started GET "/assets/microposts.css?body=1" for 127.0.0.1 at 2016-09-09 11:38:26 +0700


Started GET "/assets/turbolinks.js?body=1" for 127.0.0.1 at 2016-09-09 11:38:26 +0700


Started GET "/assets/microposts.js?body=1" for 127.0.0.1 at 2016-09-09 11:38:26 +0700


Started GET "/assets/jquery_ujs.js?body=1" for 127.0.0.1 at 2016-09-09 11:38:26 +0700


Started GET "/assets/application.js?body=1" for 127.0.0.1 at 2016-09-09 11:38:26 +0700


Started GET "/microposts" for 127.0.0.1 at 2016-09-09 11:42:45 +0700
Processing by MicropostsController#index as HTML
  [1m[36mMicropost Load (0.5ms)[0m  [1mSELECT "microposts".* FROM "microposts"[0m
  Rendered microposts/index.html.erb within layouts/application (1.7ms)
Completed 200 OK in 17ms (Views: 12.0ms | ActiveRecord: 0.5ms)


Started GET "/assets/users.css?body=1" for 127.0.0.1 at 2016-09-09 11:42:45 +0700


Started GET "/assets/jquery.js?body=1" for 127.0.0.1 at 2016-09-09 11:42:45 +0700


Started GET "/assets/scaffolds.css?body=1" for 127.0.0.1 at 2016-09-09 11:42:45 +0700


Started GET "/assets/users.js?body=1" for 127.0.0.1 at 2016-09-09 11:42:45 +0700


Started GET "/assets/application.css?body=1" for 127.0.0.1 at 2016-09-09 11:42:45 +0700


Started GET "/assets/application.js?body=1" for 127.0.0.1 at 2016-09-09 11:42:45 +0700


Started GET "/assets/microposts.css?body=1" for 127.0.0.1 at 2016-09-09 11:42:45 +0700


Started GET "/assets/jquery_ujs.js?body=1" for 127.0.0.1 at 2016-09-09 11:42:45 +0700


Started GET "/assets/microposts.js?body=1" for 127.0.0.1 at 2016-09-09 11:42:45 +0700


Started GET "/assets/turbolinks.js?body=1" for 127.0.0.1 at 2016-09-09 11:42:45 +0700


Started GET "/microposts" for 127.0.0.1 at 2016-09-09 11:42:48 +0700
Processing by MicropostsController#index as HTML
  [1m[35mMicropost Load (0.2ms)[0m  SELECT "microposts".* FROM "microposts"
  Rendered microposts/index.html.erb within layouts/application (1.4ms)
Completed 200 OK in 12ms (Views: 10.6ms | ActiveRecord: 0.2ms)


Started GET "/assets/application.css?body=1" for 127.0.0.1 at 2016-09-09 11:42:48 +0700


Started GET "/assets/microposts.css?body=1" for 127.0.0.1 at 2016-09-09 11:42:48 +0700


Started GET "/assets/scaffolds.css?body=1" for 127.0.0.1 at 2016-09-09 11:42:48 +0700


Started GET "/assets/jquery_ujs.js?body=1" for 127.0.0.1 at 2016-09-09 11:42:48 +0700


Started GET "/assets/jquery.js?body=1" for 127.0.0.1 at 2016-09-09 11:42:48 +0700


Started GET "/assets/users.css?body=1" for 127.0.0.1 at 2016-09-09 11:42:48 +0700


Started GET "/assets/microposts.js?body=1" for 127.0.0.1 at 2016-09-09 11:42:48 +0700


Started GET "/assets/users.js?body=1" for 127.0.0.1 at 2016-09-09 11:42:48 +0700


Started GET "/assets/turbolinks.js?body=1" for 127.0.0.1 at 2016-09-09 11:42:48 +0700


Started GET "/assets/application.js?body=1" for 127.0.0.1 at 2016-09-09 11:42:48 +0700


Started GET "/microposts/new" for 127.0.0.1 at 2016-09-09 11:42:49 +0700
Processing by MicropostsController#new as HTML
  Rendered microposts/_form.html.erb (427.3ms)
  Rendered microposts/new.html.erb within layouts/application (521.7ms)
Completed 200 OK in 532ms (Views: 528.8ms | ActiveRecord: 0.8ms)


Started GET "/" for 127.0.0.1 at 2016-09-09 13:32:09 +0700
  [1m[36mActiveRecord::SchemaMigration Load (0.5ms)[0m  [1mSELECT "schema_migrations".* FROM "schema_migrations"[0m
Processing by ApplicationController#hello as HTML
  Rendered text template (0.0ms)
Completed 200 OK in 49ms (Views: 25.6ms | ActiveRecord: 0.0ms)


Started GET "/users" for 127.0.0.1 at 2016-09-09 13:32:33 +0700
Processing by UsersController#index as HTML
  [1m[35mUser Load (0.4ms)[0m  SELECT "users".* FROM "users"
  Rendered users/index.html.erb within layouts/application (60.3ms)
Completed 200 OK in 424ms (Views: 382.8ms | ActiveRecord: 0.4ms)


Started GET "/assets/application.css?body=1" for 127.0.0.1 at 2016-09-09 13:32:34 +0700


Started GET "/assets/microposts.css?body=1" for 127.0.0.1 at 2016-09-09 13:32:34 +0700


Started GET "/assets/jquery.js?body=1" for 127.0.0.1 at 2016-09-09 13:32:34 +0700


Started GET "/assets/scaffolds.css?body=1" for 127.0.0.1 at 2016-09-09 13:32:34 +0700


Started GET "/assets/users.css?body=1" for 127.0.0.1 at 2016-09-09 13:32:34 +0700


Started GET "/assets/application.js?body=1" for 127.0.0.1 at 2016-09-09 13:32:34 +0700


Started GET "/assets/turbolinks.js?body=1" for 127.0.0.1 at 2016-09-09 13:32:34 +0700


Started GET "/assets/jquery_ujs.js?body=1" for 127.0.0.1 at 2016-09-09 13:32:34 +0700


Started GET "/assets/users.js?body=1" for 127.0.0.1 at 2016-09-09 13:32:34 +0700


Started GET "/assets/microposts.js?body=1" for 127.0.0.1 at 2016-09-09 13:32:34 +0700
